<?xml version="1.0" encoding="utf-8"?><testsuites name="pytest tests"><testsuite name="pytest" errors="0" failures="0" skipped="0" tests="6" time="70.116" timestamp="2026-06-02T15:38:51.054670+00:00" hostname="agent-env-e861bf3c-551f-423b-ac8f-d6ff6eaf4163"><testcase classname="backend.tests.test_academic_layer.TestAcademicOptions" name="test_options_catalog" time="0.594" /><testcase classname="backend.tests.test_academic_layer.TestAcademicProfile" name="test_get_profile_demo_is_onboarded" time="0.120" /><testcase classname="backend.tests.test_academic_layer.TestAcademicProfile" name="test_put_profile_updates_and_me_reflects" time="0.318" /><testcase classname="backend.tests.test_academic_layer.TestRegisterOnboardedFlag" name="test_new_user_not_onboarded" time="0.464" /><testcase classname="backend.tests.test_academic_layer.TestLanguageAdaptation" name="test_malayalam_then_english_lesson" time="57.666" /><testcase classname="backend.tests.test_academic_layer.TestCBSEExam" name="test_cbse_photosynthesis_5q" time="10.889" /></testsuite></testsuites>