<?xml version="1.0" encoding="utf-8"?><testsuites name="pytest tests"><testsuite name="pytest" errors="0" failures="0" skipped="0" tests="21" time="101.064" timestamp="2026-06-02T15:06:12.293507+00:00" hostname="agent-env-e861bf3c-551f-423b-ac8f-d6ff6eaf4163"><testcase classname="backend.tests.test_luminora_backend.TestAuth" name="test_root" time="0.199" /><testcase classname="backend.tests.test_luminora_backend.TestAuth" name="test_demo_login" time="0.384" /><testcase classname="backend.tests.test_luminora_backend.TestAuth" name="test_admin_login" time="0.358" /><testcase classname="backend.tests.test_luminora_backend.TestAuth" name="test_login_invalid" time="0.344" /><testcase classname="backend.tests.test_luminora_backend.TestAuth" name="test_me_with_token" time="0.151" /><testcase classname="backend.tests.test_luminora_backend.TestAuth" name="test_me_no_token" time="0.146" /><testcase classname="backend.tests.test_luminora_backend.TestAuth" name="test_register_new_user" time="0.351" /><testcase classname="backend.tests.test_luminora_backend.TestAuth" name="test_register_duplicate" time="0.154" /><testcase classname="backend.tests.test_luminora_backend.TestDashboard" name="test_dashboard" time="0.199" /><testcase classname="backend.tests.test_luminora_backend.TestNotes" name="test_notes_crud" time="0.624" /><testcase classname="backend.tests.test_luminora_backend.TestPlanner" name="test_planner_crud" time="0.367" /><testcase classname="backend.tests.test_luminora_backend.TestAdmin" name="test_admin_stats" time="0.093" /><testcase classname="backend.tests.test_luminora_backend.TestAdmin" name="test_admin_users" time="0.114" /><testcase classname="backend.tests.test_luminora_backend.TestStudio" name="test_generate_lesson" time="24.629" /><testcase classname="backend.tests.test_luminora_backend.TestStudio" name="test_list_lessons" time="39.998" /><testcase classname="backend.tests.test_luminora_backend.TestStudio" name="test_explain_part" time="3.891" /><testcase classname="backend.tests.test_luminora_backend.TestExam" name="test_generate_exam" time="9.561" /><testcase classname="backend.tests.test_luminora_backend.TestExam" name="test_submit_exam" time="0.155" /><testcase classname="backend.tests.test_luminora_backend.TestExam" name="test_exam_results" time="0.123" /><testcase classname="backend.tests.test_luminora_backend.TestCareer" name="test_advise" time="17.625" /><testcase classname="backend.tests.test_luminora_backend.TestTutor" name="test_tutor_full_flow" time="1.387" /></testsuite></testsuites>